<?xml version="1.0" encoding="UTF-8"?>
<!-- Generated by org.testng.reporters.JUnitReportReporter -->
<testsuite hostname="DESKTOP-K20R6LF" failures="0" tests="5" name="com.businessComponent.ShoppingBol" time="8.868" errors="0" timestamp="06 Sep 2018 22:55:55 GMT" skipped="0">
  <testcase classname="com.businessComponent.ShoppingBol" name="Login" time="2.563"/>
  <testcase classname="com.businessComponent.ShoppingBol" name="EmptytheCart" time="1.191"/>
  <testcase classname="com.businessComponent.ShoppingBol" name="SearchProduct" time="2.822"/>
  <testcase classname="com.businessComponent.ShoppingBol" name="CheckPrice" time="1.072"/>
  <testcase classname="com.businessComponent.ShoppingBol" name="AddtoCart" time="1.220"/>
</testsuite> <!-- com.businessComponent.ShoppingBol -->
